Thu Feb 06 2020 22:07:33 GMT+0530 (India Standard Time): GET / 
Thu Feb 06 2020 22:07:37 GMT+0530 (India Standard Time): GET / 
Thu Feb 06 2020 22:10:03 GMT+0530 (India Standard Time): GET / 
Thu Feb 06 2020 22:10:19 GMT+0530 (India Standard Time): GET / 
Thu Feb 06 2020 22:11:20 GMT+0530 (India Standard Time): GET / 
Thu Feb 06 2020 22:11:21 GMT+0530 (India Standard Time): GET /favicon.ico 
Thu Feb 06 2020 22:12:23 GMT+0530 (India Standard Time): GET / 
Thu Feb 06 2020 22:12:23 GMT+0530 (India Standard Time): GET /favicon.ico 
Thu Feb 06 2020 22:12:29 GMT+0530 (India Standard Time): GET /shop/ 
Thu Feb 06 2020 22:12:29 GMT+0530 (India Standard Time): GET /favicon.ico 
Thu Feb 06 2020 22:38:04 GMT+0530 (India Standard Time): GET /shop/ 
Thu Feb 06 2020 22:38:05 GMT+0530 (India Standard Time): GET /favicon.ico 
Thu Feb 06 2020 22:41:58 GMT+0530 (India Standard Time): GET /shop/ 
Thu Feb 06 2020 22:41:58 GMT+0530 (India Standard Time): GET /favicon.ico 
Thu Feb 06 2020 22:42:01 GMT+0530 (India Standard Time): GET /shop/ 
Thu Feb 06 2020 22:42:02 GMT+0530 (India Standard Time): GET /favicon.ico 
Thu Feb 06 2020 23:55:07 GMT+0530 (India Standard Time): GET /shop/ 
Thu Feb 06 2020 23:55:07 GMT+0530 (India Standard Time): GET /shop/images/cleanup.svg 
Thu Feb 06 2020 23:55:08 GMT+0530 (India Standard Time): GET /favicon.ico 
Thu Feb 06 2020 23:55:10 GMT+0530 (India Standard Time): GET /shop/ 
Thu Feb 06 2020 23:55:10 GMT+0530 (India Standard Time): GET /shop/images/cleanup.svg 
Thu Feb 06 2020 23:55:11 GMT+0530 (India Standard Time): GET /favicon.ico 
Thu Feb 06 2020 23:55:38 GMT+0530 (India Standard Time): GET /shop/ 
Thu Feb 06 2020 23:55:38 GMT+0530 (India Standard Time): GET /shop/images/cleanup.svg 
Thu Feb 06 2020 23:55:38 GMT+0530 (India Standard Time): GET /favicon.ico 
Thu Feb 06 2020 23:57:38 GMT+0530 (India Standard Time): GET /shop/ 
Thu Feb 06 2020 23:57:38 GMT+0530 (India Standard Time): GET /public/images/cleanup.svg 
Thu Feb 06 2020 23:57:38 GMT+0530 (India Standard Time): GET /favicon.ico 
Thu Feb 06 2020 23:58:11 GMT+0530 (India Standard Time): GET /shop/ 
Thu Feb 06 2020 23:58:11 GMT+0530 (India Standard Time): GET /public/images/cleanup.svg 
Thu Feb 06 2020 23:58:11 GMT+0530 (India Standard Time): GET /favicon.ico 
Thu Feb 06 2020 23:58:12 GMT+0530 (India Standard Time): GET /shop/ 
Thu Feb 06 2020 23:58:12 GMT+0530 (India Standard Time): GET /public/images/cleanup.svg 
Thu Feb 06 2020 23:58:12 GMT+0530 (India Standard Time): GET /favicon.ico 
Thu Feb 06 2020 23:58:12 GMT+0530 (India Standard Time): GET /shop/ 
Thu Feb 06 2020 23:58:12 GMT+0530 (India Standard Time): GET /public/images/cleanup.svg 
Thu Feb 06 2020 23:58:13 GMT+0530 (India Standard Time): GET /favicon.ico 
Fri Feb 07 2020 00:03:35 GMT+0530 (India Standard Time): GET /shop/ 
Fri Feb 07 2020 00:03:35 GMT+0530 (India Standard Time): GET /public/images/cleanup.svg 
Fri Feb 07 2020 00:03:35 GMT+0530 (India Standard Time): GET /favicon.ico 
Fri Feb 07 2020 00:03:37 GMT+0530 (India Standard Time): GET /shop/ 
Fri Feb 07 2020 00:03:37 GMT+0530 (India Standard Time): GET /public/images/cleanup.svg 
Fri Feb 07 2020 00:03:37 GMT+0530 (India Standard Time): GET /favicon.ico 
Fri Feb 07 2020 00:03:37 GMT+0530 (India Standard Time): GET /shop/ 
Fri Feb 07 2020 00:03:38 GMT+0530 (India Standard Time): GET /public/images/cleanup.svg 
Fri Feb 07 2020 00:03:38 GMT+0530 (India Standard Time): GET /favicon.ico 
Fri Feb 07 2020 00:04:27 GMT+0530 (India Standard Time): GET /shop/ 
Fri Feb 07 2020 00:04:27 GMT+0530 (India Standard Time): GET /public/images/background.jpg 
Fri Feb 07 2020 00:04:27 GMT+0530 (India Standard Time): GET /favicon.ico 
Fri Feb 07 2020 00:04:28 GMT+0530 (India Standard Time): GET /shop/ 
Fri Feb 07 2020 00:04:28 GMT+0530 (India Standard Time): GET /public/images/background.jpg 
Fri Feb 07 2020 00:04:28 GMT+0530 (India Standard Time): GET /favicon.ico 
Fri Feb 07 2020 00:04:28 GMT+0530 (India Standard Time): GET /shop/ 
Fri Feb 07 2020 00:04:28 GMT+0530 (India Standard Time): GET /public/images/background.jpg 
Fri Feb 07 2020 00:04:28 GMT+0530 (India Standard Time): GET /favicon.ico 
Fri Feb 07 2020 00:04:28 GMT+0530 (India Standard Time): GET /shop/ 
Fri Feb 07 2020 00:04:28 GMT+0530 (India Standard Time): GET /public/images/background.jpg 
Fri Feb 07 2020 00:04:28 GMT+0530 (India Standard Time): GET /favicon.ico 
Fri Feb 07 2020 00:04:58 GMT+0530 (India Standard Time): GET /shop/ 
Fri Feb 07 2020 00:04:59 GMT+0530 (India Standard Time): GET /favicon.ico 
Fri Feb 07 2020 00:05:17 GMT+0530 (India Standard Time): GET /shop/ 
Fri Feb 07 2020 00:05:17 GMT+0530 (India Standard Time): GET /favicon.ico 
Fri Feb 07 2020 00:06:38 GMT+0530 (India Standard Time): GET /shop/ 
Fri Feb 07 2020 00:06:38 GMT+0530 (India Standard Time): GET /favicon.ico 
Fri Feb 07 2020 00:07:44 GMT+0530 (India Standard Time): GET /shop/ 
Fri Feb 07 2020 00:07:45 GMT+0530 (India Standard Time): GET /favicon.ico 
Fri Feb 07 2020 00:07:46 GMT+0530 (India Standard Time): GET /shop/ 
Fri Feb 07 2020 00:07:46 GMT+0530 (India Standard Time): GET /favicon.ico 
Fri Feb 07 2020 00:08:20 GMT+0530 (India Standard Time): GET /shop/ 
Fri Feb 07 2020 00:08:21 GMT+0530 (India Standard Time): GET /favicon.ico 
Fri Feb 07 2020 00:08:22 GMT+0530 (India Standard Time): GET /shop/ 
Fri Feb 07 2020 00:08:22 GMT+0530 (India Standard Time): GET /favicon.ico 
Fri Feb 07 2020 00:08:44 GMT+0530 (India Standard Time): GET /shop/ 
Fri Feb 07 2020 00:08:44 GMT+0530 (India Standard Time): GET /favicon.ico 
Fri Feb 07 2020 00:08:46 GMT+0530 (India Standard Time): GET /shop/ 
Fri Feb 07 2020 00:08:46 GMT+0530 (India Standard Time): GET /favicon.ico 
Fri Feb 07 2020 00:08:46 GMT+0530 (India Standard Time): GET /shop/ 
Fri Feb 07 2020 00:08:47 GMT+0530 (India Standard Time): GET /favicon.ico 
Fri Feb 07 2020 00:08:47 GMT+0530 (India Standard Time): GET /shop/ 
Fri Feb 07 2020 00:08:47 GMT+0530 (India Standard Time): GET /favicon.ico 
Fri Feb 07 2020 00:08:48 GMT+0530 (India Standard Time): GET /shop/ 
Fri Feb 07 2020 00:08:48 GMT+0530 (India Standard Time): GET /favicon.ico 
Fri Feb 07 2020 00:09:51 GMT+0530 (India Standard Time): GET /shop/ 
Fri Feb 07 2020 00:09:51 GMT+0530 (India Standard Time): GET /favicon.ico 
Fri Feb 07 2020 00:09:53 GMT+0530 (India Standard Time): GET /shop/ 
Fri Feb 07 2020 00:09:53 GMT+0530 (India Standard Time): GET /favicon.ico 
Fri Feb 07 2020 00:09:53 GMT+0530 (India Standard Time): GET /shop/ 
Fri Feb 07 2020 00:09:54 GMT+0530 (India Standard Time): GET /favicon.ico 
Fri Feb 07 2020 00:09:54 GMT+0530 (India Standard Time): GET /shop/ 
Fri Feb 07 2020 00:09:54 GMT+0530 (India Standard Time): GET /favicon.ico 
Fri Feb 07 2020 00:09:55 GMT+0530 (India Standard Time): GET /shop/ 
Fri Feb 07 2020 00:09:55 GMT+0530 (India Standard Time): GET /favicon.ico 
Fri Feb 07 2020 00:09:55 GMT+0530 (India Standard Time): GET /shop/ 
Fri Feb 07 2020 00:09:55 GMT+0530 (India Standard Time): GET /favicon.ico 
Fri Feb 07 2020 00:09:56 GMT+0530 (India Standard Time): GET /shop/ 
Fri Feb 07 2020 00:09:56 GMT+0530 (India Standard Time): GET /favicon.ico 
Fri Feb 07 2020 00:10:13 GMT+0530 (India Standard Time): GET /shop/ 
Fri Feb 07 2020 00:10:13 GMT+0530 (India Standard Time): GET /favicon.ico 
Fri Feb 07 2020 00:11:14 GMT+0530 (India Standard Time): GET /shop/ 
Fri Feb 07 2020 00:11:15 GMT+0530 (India Standard Time): GET /favicon.ico 
Fri Feb 07 2020 00:45:43 GMT+0530 (India Standard Time): GET /shop/ 
Fri Feb 07 2020 00:45:44 GMT+0530 (India Standard Time): GET /favicon.ico 
Fri Feb 07 2020 00:47:16 GMT+0530 (India Standard Time): GET /shop/ 
Fri Feb 07 2020 00:48:28 GMT+0530 (India Standard Time): GET /shop/ 
Fri Feb 07 2020 00:48:35 GMT+0530 (India Standard Time): GET /shop/ 
Fri Feb 07 2020 00:48:36 GMT+0530 (India Standard Time): GET /favicon.ico 
Fri Feb 07 2020 00:48:44 GMT+0530 (India Standard Time): GET / 
Fri Feb 07 2020 00:48:44 GMT+0530 (India Standard Time): GET /favicon.ico 
Fri Feb 07 2020 00:48:59 GMT+0530 (India Standard Time): GET / 
Fri Feb 07 2020 00:49:00 GMT+0530 (India Standard Time): GET /favicon.ico 
Fri Feb 07 2020 00:49:07 GMT+0530 (India Standard Time): GET / 
Fri Feb 07 2020 00:51:18 GMT+0530 (India Standard Time): GET / 
Fri Feb 07 2020 00:51:21 GMT+0530 (India Standard Time): GET /favicon.ico 
Fri Feb 07 2020 12:43:11 GMT+0530 (India Standard Time): GET / 
Fri Feb 07 2020 12:43:12 GMT+0530 (India Standard Time): GET /favicon.ico 
Fri Feb 07 2020 12:43:14 GMT+0530 (India Standard Time): GET /description 
Fri Feb 07 2020 12:43:15 GMT+0530 (India Standard Time): GET /favicon.ico 
Fri Feb 07 2020 12:43:24 GMT+0530 (India Standard Time): GET /maintenance 
Fri Feb 07 2020 12:46:57 GMT+0530 (India Standard Time): GET / 
Fri Feb 07 2020 12:46:58 GMT+0530 (India Standard Time): GET /favicon.ico 
Fri Feb 07 2020 12:47:01 GMT+0530 (India Standard Time): GET /maintenance 
Fri Feb 07 2020 12:47:01 GMT+0530 (India Standard Time): GET /favicon.ico 
